Using pre-set license
Built from '2020.3/staging' branch; Version is '2020.3.33f1 (915a7af8b0d5) revision 9525882'; Using compiler version '192528614'; Build Type 'Release'
OS: 'Windows 11  (10.0.22000) 64bit CoreSingleLanguage' Language: 'fr' Physical Memory: 8070 MB
BatchMode: 1, IsHumanControllingUs: 0, StartBugReporterOnCrash: 0, Is64bit: 1, IsPro: 0

COMMAND LINE ARGUMENTS:
C:\Program Files\Unity\Hub\Editor\2020.3.33f1\Editor\Unity.exe
-adb2
-batchMode
-noUpm
-name
AssetImportWorker0
-projectPath
C:/Users/djobb/OneDrive/Bureau/wordscapes-main/wordscapes-main
-logFile
Logs/AssetImportWorker0.log
-srvPort
59728
Successfully changed project path to: C:/Users/djobb/OneDrive/Bureau/wordscapes-main/wordscapes-main
C:/Users/djobb/OneDrive/Bureau/wordscapes-main/wordscapes-main
Using Asset Import Pipeline V2.
Refreshing native plugins compatible for Editor in 261.45 ms, found 3 plugins.
Preloading 0 native plugins for Editor in 0.00 ms.
Initialize engine version: 2020.3.33f1 (915a7af8b0d5)
[Subsystems] Discovering subsystems at path C:/Program Files/Unity/Hub/Editor/2020.3.33f1/Editor/Data/Resources/UnitySubsystems
[Subsystems] Discovering subsystems at path C:/Users/djobb/OneDrive/Bureau/wordscapes-main/wordscapes-main/Assets
GfxDevice: creating device client; threaded=0
Direct3D:
    Version:  Direct3D 11.0 [level 11.0]
    Renderer: NVIDIA GeForce MX110 (ID=0x174e)
    Vendor:   
    VRAM:     2010 MB
    Driver:   27.21.14.6231
Initialize mono
Mono path[0] = 'C:/Program Files/Unity/Hub/Editor/2020.3.33f1/Editor/Data/Managed'
Mono path[1] = 'C:/Program Files/Unity/Hub/Editor/2020.3.33f1/Editor/Data/MonoBleedingEdge/lib/mono/unityjit'
Mono config path = 'C:/Program Files/Unity/Hub/Editor/2020.3.33f1/Editor/Data/MonoBleedingEdge/etc'
Using monoOptions --debugger-agent=transport=dt_socket,embedding=1,server=y,suspend=n,address=127.0.0.1:56928
Begin MonoManager ReloadAssembly
Registering precompiled unity dll's ...
Register platform support module: C:/Program Files/Unity/Hub/Editor/2020.3.33f1/Editor/Data/PlaybackEngines/WebGLSupport/UnityEditor.WebGL.Extensions.dll
Register platform support module: C:/Program Files/Unity/Hub/Editor/2020.3.33f1/Editor/Data/PlaybackEngines/WindowsStandaloneSupport/UnityEditor.WindowsStandalone.Extensions.dll
Registered in 0.001927 seconds.
Native extension for WindowsStandalone target not found
Native extension for WebGL target not found
Refreshing native plugins compatible for Editor in 48.77 ms, found 3 plugins.
Preloading 0 native plugins for Editor in 0.00 ms.
Mono: successfully reloaded assembly
- Completed reload, in  0.633 seconds
Domain Reload Profiling:
	ReloadAssembly (633ms)
		BeginReloadAssembly (71ms)
			ExecutionOrderSort (0ms)
			DisableScriptedObjects (0ms)
			BackupInstance (0ms)
			ReleaseScriptingObjects (0ms)
			CreateAndSetChildDomain (1ms)
		EndReloadAssembly (465ms)
			LoadAssemblies (70ms)
			RebuildTransferFunctionScriptingTraits (0ms)
			SetupTypeCache (152ms)
			ReleaseScriptCaches (0ms)
			RebuildScriptCaches (34ms)
			SetupLoadedEditorAssemblies (179ms)
				LogAssemblyErrors (0ms)
				InitializePlatformSupportModulesInManaged (5ms)
				SetLoadedEditorAssemblies (0ms)
				RefreshPlugins (49ms)
				BeforeProcessingInitializeOnLoad (9ms)
				ProcessInitializeOnLoadAttributes (85ms)
				ProcessInitializeOnLoadMethodAttributes (30ms)
				AfterProcessingInitializeOnLoad (0ms)
				EditorAssembliesLoaded (0ms)
			ExecutionOrderSort2 (0ms)
			AwakeInstancesAfterBackupRestoration (0ms)
Platform modules already initialized, skipping
Registering precompiled user dll's ...
Registered in 0.005040 seconds.
Begin MonoManager ReloadAssembly
Symbol file LoadedFromMemory doesn't match image C:\Users\djobb\OneDrive\Bureau\wordscapes-main\wordscapes-main\Library\PackageCache\com.unity.collab-proxy@1.15.15\Lib\Editor\PlasticSCM\unityplastic.dll
Native extension for WindowsStandalone target not found
Native extension for WebGL target not found
Refreshing native plugins compatible for Editor in 49.45 ms, found 3 plugins.
Preloading 0 native plugins for Editor in 0.00 ms.
Mono: successfully reloaded assembly
- Completed reload, in  2.141 seconds
Domain Reload Profiling:
	ReloadAssembly (2141ms)
		BeginReloadAssembly (1107ms)
			ExecutionOrderSort (0ms)
			DisableScriptedObjects (4ms)
			BackupInstance (0ms)
			ReleaseScriptingObjects (0ms)
			CreateAndSetChildDomain (20ms)
		EndReloadAssembly (972ms)
			LoadAssemblies (1072ms)
			RebuildTransferFunctionScriptingTraits (0ms)
			SetupTypeCache (280ms)
			ReleaseScriptCaches (0ms)
			RebuildScriptCaches (47ms)
			SetupLoadedEditorAssemblies (427ms)
				LogAssemblyErrors (0ms)
				InitializePlatformSupportModulesInManaged (4ms)
				SetLoadedEditorAssemblies (0ms)
				RefreshPlugins (50ms)
				BeforeProcessingInitializeOnLoad (65ms)
				ProcessInitializeOnLoadAttributes (263ms)
				ProcessInitializeOnLoadMethodAttributes (40ms)
				AfterProcessingInitializeOnLoad (5ms)
				EditorAssembliesLoaded (0ms)
			ExecutionOrderSort2 (0ms)
			AwakeInstancesAfterBackupRestoration (7ms)
Platform modules already initialized, skipping
========================================================================
Worker process is ready to serve import requests
Launched and connected shader compiler UnityShaderCompiler.exe after 0.37 seconds
Refreshing native plugins compatible for Editor in 0.55 ms, found 3 plugins.
Preloading 0 native plugins for Editor in 0.00 ms.
Unloading 2228 Unused Serialized files (Serialized files now loaded: 0)
System memory in use before: 119.4 MB.
System memory in use after: 119.3 MB.

Unloading 30 unused Assets to reduce memory usage. Loaded Objects now: 2684.
Total: 3.208800 ms (FindLiveObjects: 0.216300 ms CreateObjectMapping: 0.083200 ms MarkObjects: 2.713000 ms  DeleteObjects: 0.195600 ms)

AssetImportParameters requested are different than current active one (requested -> active):
  custom:framework-win-MediaFoundation: 216162199b28c13a410421893ffa2e32 -> 
  custom:video-decoder-ogg-theora: a1e56fd34408186e4bbccfd4996cb3dc -> 
  custom:container-muxer-webm: aa71ff27fc2769a1b78a27578f13a17b -> 
  custom:container-demuxer-webm: 4f35f7cbe854078d1ac9338744f61a02 -> 
  custom:container-demuxer-ogg: 62fdf1f143b41e24485cea50d1cbac27 -> 
  custom:video-encoder-webm-vp8: eb34c28f22e8b96e1ab97ce403110664 -> 
  custom:video-decoder-webm-vp8: 9c59270c3fd7afecdb556c50c9e8de78 -> 
  custom:audio-decoder-ogg-vorbis: bf7c407c2cedff20999df2af8eb42d56 -> 
  custom:audio-encoder-webm-vorbis: bf7c407c2cedff20999df2af8eb42d56 -> 
========================================================================
Received Import Request.
  path: Assets/gmScript.cs
  artifactKey: Guid(9ddcac34f3d590646bc25dd55c34793d) Importer(815301076,1909f56bfc062723c751e8b465ee728b)
Start importing Assets/gmScript.cs using Guid(9ddcac34f3d590646bc25dd55c34793d) Importer(815301076,1909f56bfc062723c751e8b465ee728b)  -> (artifact id: 'd1f344272f799c2b2297cc16f6fd681e') in 0.248511 seconds 
========================================================================
Received Import Request.
  Time since last request: 0.000870 seconds.
  path: Assets/GM script.cs
  artifactKey: Guid(94ce123ef2f16024e9f6b607d67c6af8) Importer(815301076,1909f56bfc062723c751e8b465ee728b)
Start importing Assets/GM script.cs using Guid(94ce123ef2f16024e9f6b607d67c6af8) Importer(815301076,1909f56bfc062723c751e8b465ee728b)  -> (artifact id: '3aa9e3da967b523d5577394f94d92a52') in 0.023106 seconds 
========================================================================
Received Import Request.
  Time since last request: 0.000329 seconds.
  path: Assets/Gm2.cs
  artifactKey: Guid(52939d08ff08da2439bfa6c187b09196) Importer(815301076,1909f56bfc062723c751e8b465ee728b)
Start importing Assets/Gm2.cs using Guid(52939d08ff08da2439bfa6c187b09196) Importer(815301076,1909f56bfc062723c751e8b465ee728b)  -> (artifact id: 'c3736048bfb6692e64a110f8cc04fef9') in 0.007511 seconds 
========================================================================
Received Import Request.
  Time since last request: 4.503676 seconds.
  path: Assets/GMScript1.cs
  artifactKey: Guid(9b2ac43408d411943a165d7d8622b3b3) Importer(815301076,1909f56bfc062723c751e8b465ee728b)
Start importing Assets/GMScript1.cs using Guid(9b2ac43408d411943a165d7d8622b3b3) Importer(815301076,1909f56bfc062723c751e8b465ee728b)  -> (artifact id: '68035243c0534a7cb5bd696b93c859dd') in 0.022266 seconds 
========================================================================
Received Import Request.
  Time since last request: 16.559690 seconds.
  path: Assets/Gmscript2.cs
  artifactKey: Guid(d1eff02fd3e02b84493856f300879555) Importer(815301076,1909f56bfc062723c751e8b465ee728b)
Start importing Assets/Gmscript2.cs using Guid(d1eff02fd3e02b84493856f300879555) Importer(815301076,1909f56bfc062723c751e8b465ee728b)  -> (artifact id: '30da2368792330649d6cdcf49b7ac962') in 0.008430 seconds 
========================================================================
Received Import Request.
  Time since last request: 275.271271 seconds.
  path: Assets/Scenes/level3.unity
  artifactKey: Guid(36406d3717af9714bb8d183e144c72eb) Importer(815301076,1909f56bfc062723c751e8b465ee728b)
Start importing Assets/Scenes/level3.unity using Guid(36406d3717af9714bb8d183e144c72eb) Importer(815301076,1909f56bfc062723c751e8b465ee728b)  -> (artifact id: 'ca06f3d55e39f37953fb7b050039336a') in 0.040635 seconds 
AssetImportWorkerClient::OnTransportError - code=2 error=End of file
